app/build/intermediates/manifest_merge_blame_file/debug/manifest-merger-blame-debug-report.txt
1<?xml version="1.0" encoding="utf-8"?>
2<manifest xmlns:android="http://schemas.android.com/apk/res/android"
3    package="iot.examples.ledcontrol"
4    android:versionCode="1"
5    android:versionName="1.0" >
6
7    <uses-sdk
8        android:minSdkVersion="28"
8-->src\main\AndroidManifest.xml
9        android:targetSdkVersion="30" />
9-->src\main\AndroidManifest.xml
10    <!-- Allows applications to access information about networks. Protection level: normal -->
11    <uses-permission android:name="android.permission.ACCESS_NETWORK_STATE" />
11-->src\main\AndroidManifest.xml:5:5-79
11-->src\main\AndroidManifest.xml:5:22-76
12    <!-- Allows applications to open network sockets. Protection level: normal -->
13    <uses-permission android:name="android.permission.INTERNET" />
13-->src\main\AndroidManifest.xml:7:5-67
13-->src\main\AndroidManifest.xml:7:22-64
14
15    <application
15-->src\main\AndroidManifest.xml:8:5-23:19
16        android:allowBackup="true"
16-->src\main\AndroidManifest.xml:9:9-35
17        android:appComponentFactory="androidx.core.app.CoreComponentFactory"
17-->[androidx.core:core:1.3.1] AndroidManifest.xml:24:18-86
18        android:debuggable="true"
19        android:extractNativeLibs="false"
20        android:icon="@mipmap/ic_launcher"
20-->src\main\AndroidManifest.xml:10:9-43
21        android:label="@string/app_name"
21-->src\main\AndroidManifest.xml:11:9-41
22        android:roundIcon="@mipmap/ic_launcher_round"
22-->src\main\AndroidManifest.xml:13:9-54
23        android:supportsRtl="true"
23-->src\main\AndroidManifest.xml:14:9-35
24        android:testOnly="true"
25        android:theme="@style/Theme.LEDControl"
25-->src\main\AndroidManifest.xml:15:9-48
26        android:usesCleartextTraffic="true" >
26-->src\main\AndroidManifest.xml:12:9-44
27        <activity android:name="iot.examples.ledcontrol.MainActivity" >
27-->src\main\AndroidManifest.xml:16:9-22:20
27-->src\main\AndroidManifest.xml:16:19-47
28            <intent-filter>
28-->src\main\AndroidManifest.xml:17:13-21:29
29                <action android:name="android.intent.action.MAIN" />
29-->src\main\AndroidManifest.xml:18:17-69
29-->src\main\AndroidManifest.xml:18:25-66
30
31                <category android:name="android.intent.category.LAUNCHER" />
31-->src\main\AndroidManifest.xml:20:17-77
31-->src\main\AndroidManifest.xml:20:27-74
32            </intent-filter>
33        </activity>
34    </application>
35
36</manifest>